  LINK : C:\Users\bigma\OneDrive\Desktop\GIT PUB REPOS\Gravity Snake\sgm-GravitySnake\Debug\HW2 - Gravity Snake.exe not found or not built by the last incremental link; performing full link
box2d.lib(b2ChainShape.obj) : warning LNK4099: PDB '' was not found with 'box2d.lib(b2ChainShape.obj)' or at ''; linking object as if no debug info
box2d.lib(b2EdgeShape.obj) : warning LNK4099: PDB '' was not found with 'box2d.lib(b2EdgeShape.obj)' or at ''; linking object as if no debug info
box2d.lib(b2PolygonShape.obj) : warning LNK4099: PDB '' was not found with 'box2d.lib(b2PolygonShape.obj)' or at ''; linking object as if no debug info
box2d.lib(b2BroadPhase.obj) : warning LNK4099: PDB '' was not found with 'box2d.lib(b2BroadPhase.obj)' or at ''; linking object as if no debug info
box2d.lib(b2CollideCircle.obj) : warning LNK4099: PDB '' was not found with 'box2d.lib(b2CollideCircle.obj)' or at ''; linking object as if no debug info
box2d.lib(b2CollideEdge.obj) : warning LNK4099: PDB '' was not found with 'box2d.lib(b2CollideEdge.obj)' or at ''; linking object as if no debug info
box2d.lib(b2CollidePolygon.obj) : warning LNK4099: PDB '' was not found with 'box2d.lib(b2CollidePolygon.obj)' or at ''; linking object as if no debug info
box2d.lib(b2Collision.obj) : warning LNK4099: PDB '' was not found with 'box2d.lib(b2Collision.obj)' or at ''; linking object as if no debug info
box2d.lib(b2Distance.obj) : warning LNK4099: PDB '' was not found with 'box2d.lib(b2Distance.obj)' or at ''; linking object as if no debug info
box2d.lib(b2DynamicTree.obj) : warning LNK4099: PDB '' was not found with 'box2d.lib(b2DynamicTree.obj)' or at ''; linking object as if no debug info
box2d.lib(b2TimeOfImpact.obj) : warning LNK4099: PDB '' was not found with 'box2d.lib(b2TimeOfImpact.obj)' or at ''; linking object as if no debug info
box2d.lib(b2BlockAllocator.obj) : warning LNK4099: PDB '' was not found with 'box2d.lib(b2BlockAllocator.obj)' or at ''; linking object as if no debug info
box2d.lib(b2Draw.obj) : warning LNK4099: PDB '' was not found with 'box2d.lib(b2Draw.obj)' or at ''; linking object as if no debug info
box2d.lib(b2Math.obj) : warning LNK4099: PDB '' was not found with 'box2d.lib(b2Math.obj)' or at ''; linking object as if no debug info
box2d.lib(b2Settings.obj) : warning LNK4099: PDB '' was not found with 'box2d.lib(b2Settings.obj)' or at ''; linking object as if no debug info
box2d.lib(b2StackAllocator.obj) : warning LNK4099: PDB '' was not found with 'box2d.lib(b2StackAllocator.obj)' or at ''; linking object as if no debug info
box2d.lib(b2Timer.obj) : warning LNK4099: PDB '' was not found with 'box2d.lib(b2Timer.obj)' or at ''; linking object as if no debug info
box2d.lib(b2ChainAndCircleContact.obj) : warning LNK4099: PDB '' was not found with 'box2d.lib(b2ChainAndCircleContact.obj)' or at ''; linking object as if no debug info
box2d.lib(b2ChainAndPolygonContact.obj) : warning LNK4099: PDB '' was not found with 'box2d.lib(b2ChainAndPolygonContact.obj)' or at ''; linking object as if no debug info
box2d.lib(b2CircleContact.obj) : warning LNK4099: PDB '' was not found with 'box2d.lib(b2CircleContact.obj)' or at ''; linking object as if no debug info
box2d.lib(b2Contact.obj) : warning LNK4099: PDB '' was not found with 'box2d.lib(b2Contact.obj)' or at ''; linking object as if no debug info
box2d.lib(b2ContactSolver.obj) : warning LNK4099: PDB '' was not found with 'box2d.lib(b2ContactSolver.obj)' or at ''; linking object as if no debug info
box2d.lib(b2EdgeAndCircleContact.obj) : warning LNK4099: PDB '' was not found with 'box2d.lib(b2EdgeAndCircleContact.obj)' or at ''; linking object as if no debug info
box2d.lib(b2EdgeAndPolygonContact.obj) : warning LNK4099: PDB '' was not found with 'box2d.lib(b2EdgeAndPolygonContact.obj)' or at ''; linking object as if no debug info
box2d.lib(b2PolygonAndCircleContact.obj) : warning LNK4099: PDB '' was not found with 'box2d.lib(b2PolygonAndCircleContact.obj)' or at ''; linking object as if no debug info
box2d.lib(b2PolygonContact.obj) : warning LNK4099: PDB '' was not found with 'box2d.lib(b2PolygonContact.obj)' or at ''; linking object as if no debug info
box2d.lib(b2DistanceJoint.obj) : warning LNK4099: PDB '' was not found with 'box2d.lib(b2DistanceJoint.obj)' or at ''; linking object as if no debug info
box2d.lib(b2FrictionJoint.obj) : warning LNK4099: PDB '' was not found with 'box2d.lib(b2FrictionJoint.obj)' or at ''; linking object as if no debug info
box2d.lib(b2GearJoint.obj) : warning LNK4099: PDB '' was not found with 'box2d.lib(b2GearJoint.obj)' or at ''; linking object as if no debug info
box2d.lib(b2Joint.obj) : warning LNK4099: PDB '' was not found with 'box2d.lib(b2Joint.obj)' or at ''; linking object as if no debug info
box2d.lib(b2MotorJoint.obj) : warning LNK4099: PDB '' was not found with 'box2d.lib(b2MotorJoint.obj)' or at ''; linking object as if no debug info
box2d.lib(b2MouseJoint.obj) : warning LNK4099: PDB '' was not found with 'box2d.lib(b2MouseJoint.obj)' or at ''; linking object as if no debug info
box2d.lib(b2PrismaticJoint.obj) : warning LNK4099: PDB '' was not found with 'box2d.lib(b2PrismaticJoint.obj)' or at ''; linking object as if no debug info
box2d.lib(b2PulleyJoint.obj) : warning LNK4099: PDB '' was not found with 'box2d.lib(b2PulleyJoint.obj)' or at ''; linking object as if no debug info
box2d.lib(b2RevoluteJoint.obj) : warning LNK4099: PDB '' was not found with 'box2d.lib(b2RevoluteJoint.obj)' or at ''; linking object as if no debug info
box2d.lib(b2RopeJoint.obj) : warning LNK4099: PDB '' was not found with 'box2d.lib(b2RopeJoint.obj)' or at ''; linking object as if no debug info
box2d.lib(b2WeldJoint.obj) : warning LNK4099: PDB '' was not found with 'box2d.lib(b2WeldJoint.obj)' or at ''; linking object as if no debug info
box2d.lib(b2WheelJoint.obj) : warning LNK4099: PDB '' was not found with 'box2d.lib(b2WheelJoint.obj)' or at ''; linking object as if no debug info
box2d.lib(b2Body.obj) : warning LNK4099: PDB '' was not found with 'box2d.lib(b2Body.obj)' or at ''; linking object as if no debug info
box2d.lib(b2ContactManager.obj) : warning LNK4099: PDB '' was not found with 'box2d.lib(b2ContactManager.obj)' or at ''; linking object as if no debug info
box2d.lib(b2Fixture.obj) : warning LNK4099: PDB '' was not found with 'box2d.lib(b2Fixture.obj)' or at ''; linking object as if no debug info
box2d.lib(b2Island.obj) : warning LNK4099: PDB '' was not found with 'box2d.lib(b2Island.obj)' or at ''; linking object as if no debug info
box2d.lib(b2World.obj) : warning LNK4099: PDB '' was not found with 'box2d.lib(b2World.obj)' or at ''; linking object as if no debug info
box2d.lib(b2WorldCallbacks.obj) : warning LNK4099: PDB '' was not found with 'box2d.lib(b2WorldCallbacks.obj)' or at ''; linking object as if no debug info
  HW2 - Gravity Snake.vcxproj -> C:\Users\bigma\OneDrive\Desktop\GIT PUB REPOS\Gravity Snake\sgm-GravitySnake\Debug\HW2 - Gravity Snake.exe
